seq0	AAAATCALV	gb|KAH8814675.1|	1485228	100.000	9	9	1115	1	9	176	184	112	29.1	100
seq0	AAAATCALV	gb|MCU0946938.1|	1113	100.000	9	9	771	1	9	746	754	112	29.1	100
seq0	AAAATCALV	emb|SEH15826.1|	29539	100.000	9	9	540	1	9	136	144	112	29.1	100
seq0	AAAATCALV	ref|WP_177169478.1|	29539	100.000	9	9	522	1	9	118	126	112	29.1	100
seq0	AAAATCALV	gb|MBY6363135.1|	53972	100.000	9	9	520	1	9	318	326	112	29.1	100
seq0	AAAATCALV	ref|WP_068148784.1|	53972	100.000	9	9	518	1	9	318	326	112	29.1	100
seq0	AAAATCALV	ref|WP_261771072.1|	53972	100.000	9	9	517	1	9	315	323	112	29.1	100
seq0	AAAATCALV	gb|TCM39483.1|	2512219	100.000	9	9	405	1	9	46	54	113	29.1	100
seq0	AAAATCALV	emb|CRL86708.1|	10243	100.000	9	9	386	1	9	338	346	113	29.1	100
seq0	AAAATCALV	ref|WP_241995845.1|	2512219	100.000	9	9	385	1	9	26	34	113	29.1	100
seq0	AAAATCALV	emb|CRL87004.1|	10243	100.000	9	9	346	1	9	298	306	113	29.1	100
seq0	AAAATCALV	gb|ABD97542.1|	10243	100.000	9	9	346	1	9	298	306	113	29.1	100
seq0	AAAATCALV	emb|CAB5514194.1|	10243	100.000	9	9	346	1	9	298	306	113	29.1	100
seq0	AAAATCALV	ref|YP_233077.1|	10245	100.000	9	9	345	1	9	296	304	113	29.1	100
seq0	AAAATCALV	tpg|DAD53318.1|	10245	100.000	9	9	345	1	9	296	304	113	29.1	100
seq0	AAAATCALV	gb|AGB75913.1|	10245	100.000	9	9	345	1	9	296	304	113	29.1	100
seq0	AAAATCALV	gb|QKE61339.1|	10245	100.000	9	9	345	1	9	296	304	113	29.1	100
seq0	AAAATCALV	ref|YP_010509392.1|	397342	100.000	9	9	345	1	9	296	304	113	29.1	100
seq0	AAAATCALV	ref|NP_671680.1|	12643	100.000	9	9	344	1	9	296	304	113	29.1	100
seq0	AAAATCALV	emb|SMZ64743.1|	10243	100.000	9	9	344	1	9	296	304	113	29.1	100
seq0	AAAATCALV	gb|ADZ29526.1|	10243	100.000	9	9	344	1	9	296	304	113	29.1	100
seq0	AAAATCALV	gb|AGY97732.1|	10243	100.000	9	9	344	1	9	296	304	113	29.1	100
seq0	AAAATCALV	emb|CAA07772.1|	12643	100.000	9	9	344	1	9	296	304	113	29.1	100
seq0	AAAATCALV	gb|ADZ29953.1|	10243	100.000	9	9	344	1	9	296	304	113	29.1	100
seq0	AAAATCALV	gb|ARR31013.1|	10243	100.000	9	9	344	1	9	296	304	113	29.1	100
seq0	AAAATCALV	gb|AGY99232.1|	10243	100.000	9	9	344	1	9	296	304	113	29.1	100
seq0	AAAATCALV	gb|ATB55249.1|	10243	100.000	9	9	344	1	9	296	304	113	29.1	100
seq0	AAAATCALV	gb|ADZ30594.1|	10243	100.000	9	9	344	1	9	296	304	113	29.1	100
seq0	AAAATCALV	emb|SNB48663.1|	10243	100.000	9	9	344	1	9	296	304	113	29.1	100
seq0	AAAATCALV	gb|AAF30285.1|	12643	100.000	9	9	344	1	9	296	304	113	29.1	100
seq0	AAAATCALV	emb|SPN68051.1|	10243	100.000	9	9	344	1	9	296	304	113	29.1	100
seq0	AAAATCALV	gb|AGY98807.1|	10243	100.000	9	9	344	1	9	296	304	113	29.1	100
seq0	AAAATCALV	gb|UZC80354.1|	10243	100.000	9	9	344	1	9	296	304	113	29.1	100
seq0	AAAATCALV	gb|QED21158.1|	2602439	100.000	9	9	343	1	9	296	304	113	29.1	100
seq0	AAAATCALV	gb|UPV00441.1|	10243	100.000	9	9	343	1	9	296	304	113	29.1	100
seq0	AAAATCALV	gb|ADZ30806.1|	10243	100.000	9	9	341	1	9	293	301	113	29.1	100
seq0	AAAATCALV	gb|ARR30824.1|	10243	100.000	9	9	341	1	9	293	301	113	29.1	100
seq0	AAAATCALV	ref|NP_619988.1|	10243	100.000	9	9	341	1	9	293	301	113	29.1	100
seq0	AAAATCALV	ref|YP_009143498.1|	10256	100.000	9	9	337	1	9	291	299	113	29.1	100
seq0	AAAATCALV	gb|AGJ91402.1|	10245	100.000	9	9	335	1	9	286	294	113	29.1	100
seq0	AAAATCALV	ref|YP_009281938.1|	28874	100.000	9	9	335	1	9	289	297	113	29.1	100
seq0	AAAATCALV	gb|AGJ91944.1|	10245	100.000	9	9	335	1	9	286	294	113	29.1	100
seq0	AAAATCALV	ref|WP_118863405.1|	2305907	100.000	9	9	329	1	9	33	41	113	29.1	100
seq0	AAAATCALV	pdb|1F0C|A	10243	100.000	9	9	305	1	9	293	301	113	29.1	100
seq0	AAAATCALV	ref|WP_203912176.1|	1392758	100.000	9	9	294	1	9	131	139	113	29.1	100
seq0	AAAATCALV	ref|WP_173056564.1|	1076126	100.000	9	9	291	1	9	167	175	113	29.1	100
seq0	AAAATCALV	ref|WP_183646300.1|	65515	100.000	9	9	244	1	9	194	202	114	29.1	100
seq0	AAAATCALV	gb|AUO38499.1|	10245	100.000	9	9	231	1	9	182	190	114	29.1	100
seq0	AAAATCALV	gb|AEY73485.1|	10245	100.000	9	9	222	1	9	173	181	114	29.1	100
seq0	AAAATCALV	gb|WCS73474.1|	32605	100.000	9	9	222	1	9	173	181	114	29.1	100
seq0	AAAATCALV	gb|AEY73008.1|	10245	100.000	9	9	222	1	9	173	181	114	29.1	100
seq0	AAAATCALV	gb|AIX99317.1|	10245	100.000	9	9	222	1	9	173	181	114	29.1	100
seq0	AAAATCALV	gb|AEY74905.1|	10245	100.000	9	9	222	1	9	173	181	114	29.1	100
seq0	AAAATCALV	gb|AAQ93293.1|	10245	100.000	9	9	222	1	9	173	181	114	29.1	100
seq0	AAAATCALV	gb|AAF34083.1|	10253	100.000	9	9	222	1	9	173	181	114	29.1	100
seq0	AAAATCALV	sp|P20842.1|	10249	100.000	9	9	222	1	9	173	181	114	29.1	100
seq0	AAAATCALV	gb|AGK06665.1|	10245	100.000	9	9	222	1	9	173	181	114	29.1	100
seq0	AAAATCALV	gb|QCY54068.1|	32605	100.000	9	9	222	1	9	173	181	114	29.1	100
seq0	AAAATCALV	gb|AAR18039.1|	10245	100.000	9	9	222	1	9	173	181	114	29.1	100
seq0	AAAATCALV	gb|AIZ72946.1|	10245	100.000	9	9	222	1	9	173	181	114	29.1	100
seq0	AAAATCALV	gb|AXN56261.1|	10245	100.000	9	9	222	1	9	173	181	114	29.1	100
seq0	AAAATCALV	gb|ABD98667.1|	10245	100.000	9	9	222	1	9	173	181	114	29.1	100
seq0	AAAATCALV	gb|AEY74437.1|	10245	100.000	9	9	222	1	9	173	181	114	29.1	100
seq0	AAAATCALV	gb|AGJ91674.1|	10245	100.000	9	9	222	1	9	173	181	114	29.1	100
seq0	AAAATCALV	gb|AVO21194.1|	32605	100.000	9	9	222	1	9	173	181	114	29.1	100
seq0	AAAATCALV	gb|AND74030.1|	10245	100.000	9	9	222	1	9	173	181	114	29.1	100
seq0	AAAATCALV	gb|ABD57723.1|	10245	100.000	9	9	222	1	9	173	181	114	29.1	100
seq0	AAAATCALV	gb|AAT10578.1|	10245	100.000	9	9	222	1	9	173	181	114	29.1	100
seq0	AAAATCALV	gb|AHB35834.1|	10245	100.000	9	9	220	1	9	171	179	114	29.1	100
seq0	AAAATCALV	gb|KVM82978.1|	101571	100.000	9	9	205	1	9	167	175	114	29.1	100
seq0	AAAATCALV	gb|ALF05450.1|	10245	100.000	9	9	183	1	9	134	142	114	29.1	100
seq0	AAAATCALV	gb|WGO01836.1|	10245	100.000	9	9	183	1	9	134	142	114	29.1	100
seq0	AAAATCALV	emb|CAM58370.1|	126794	100.000	9	9	179	1	9	130	138	115	29.1	100
seq0	AAAATCALV	gb|ALF05199.1|	10245	100.000	9	9	177	1	9	128	136	115	29.1	100
seq0	AAAATCALV	ref|WP_167464021.1|	37326	100.000	9	9	139	1	9	101	109	116	29.1	100
seq0	AAAATCALV	gb|KWE84385.1|	101571	100.000	9	9	129	1	9	91	99	116	29.1	100
seq0	AAAATCALV	gb|KVT44687.1|	101571	100.000	9	9	129	1	9	91	99	116	29.1	100
seq0	AAAATCALV	gb|KVZ05142.1|	101571	100.000	9	9	125	1	9	87	95	116	29.1	100
seq0	AAAATCALV	gb|KVX89438.1|	101571	100.000	9	9	125	1	9	87	95	116	29.1	100
seq1	AAAKAAAAV	gb|MCP1548286.1|	29429	100.000	9	9	16292	1	9	677	685	638	26.9	100
seq1	AAAKAAAAV	gb|MCJ2027850.1|	2836632	100.000	9	9	11182	1	9	677	685	639	26.9	100
seq1	AAAKAAAAV	gb|MBT5443552.1|	1913989	100.000	9	9	2435	1	9	273	281	639	26.9	100
seq1	AAAKAAAAV	gb|MBT5199338.1|	1913989	100.000	9	9	2409	1	9	244	252	639	26.9	100
seq1	AAAKAAAAV	ref|WP_141834956.1|	2572881	100.000	9	9	2398	1	9	50	58	639	26.9	100
seq1	AAAKAAAAV	gb|KAG9319833.1|	64518	100.000	9	9	1725	1	9	852	860	640	26.9	100
seq1	AAAKAAAAV	ref|WP_283553777.1|	2975049	100.000	9	9	1681	1	9	1520	1528	640	26.9	100
seq1	AAAKAAAAV	ref|XP_025598009.1|	58919	100.000	9	9	1635	1	9	910	918	640	26.9	100
seq1	AAAKAAAAV	ref|WP_066480213.1|	406341	100.000	9	9	1391	1	9	1378	1386	640	26.9	100
seq1	AAAKAAAAV	gb|MBN9440514.1|	1871050	100.000	9	9	1391	1	9	1378	1386	640	26.9	100
seq1	AAAKAAAAV	gb|KAI9188663.1|	1313167	100.000	9	9	1374	1	9	12	20	640	26.9	100
seq1	AAAKAAAAV	ref|WP_225219358.1|	2762225	100.000	9	9	1320	1	9	1296	1304	641	26.9	100
seq1	AAAKAAAAV	ref|WP_225217251.1|	2762224	100.000	9	9	1320	1	9	1296	1304	641	26.9	100
seq1	AAAKAAAAV	ref|WP_248316696.1|	2828862	100.000	9	9	1320	1	9	1296	1304	641	26.9	100
seq1	AAAKAAAAV	ref|WP_246168418.1|	98672	100.000	9	9	1319	1	9	1296	1304	641	26.9	100
seq1	AAAKAAAAV	gb|MBD7995237.1|	2762225	100.000	9	9	1303	1	9	1279	1287	641	26.9	100
seq1	AAAKAAAAV	gb|MBD8044067.1|	2762224	100.000	9	9	1303	1	9	1279	1287	641	26.9	100
seq1	AAAKAAAAV	gb|KAJ1964732.1|	4866	100.000	9	9	1276	1	9	230	238	641	26.9	100
seq1	AAAKAAAAV	gb|KAJ2235215.1|	2789351	100.000	9	9	1242	1	9	631	639	641	26.9	100
seq1	AAAKAAAAV	gb|KAJ2697607.1|	2572656	100.000	9	9	1242	1	9	631	639	641	26.9	100
seq1	AAAKAAAAV	gb|KAJ1881861.1|	2849860	100.000	9	9	1212	1	9	601	609	641	26.9	100
seq1	AAAKAAAAV	emb|SJX60319.1|	72559	100.000	9	9	1181	1	9	857	865	641	26.9	100
seq1	AAAKAAAAV	emb|CBQ67683.1|	999809	100.000	9	9	1178	1	9	857	865	641	26.9	100
seq1	AAAKAAAAV	gb|KAJ2601071.1|	2663876	100.000	9	9	1176	1	9	828	836	641	26.9	100
seq1	AAAKAAAAV	gb|KAJ2702699.1|	2572656	100.000	9	9	1170	1	9	822	830	641	26.9	100
seq1	AAAKAAAAV	gb|NWA44209.1|	117680	100.000	9	9	1157	1	9	239	247	641	26.9	100
seq1	AAAKAAAAV	emb|CAA9493405.1|	158754	100.000	9	9	1138	1	9	741	749	641	26.9	100
seq1	AAAKAAAAV	gb|KAF9570155.1|	64518	100.000	9	9	1097	1	9	157	165	641	26.9	100
seq1	AAAKAAAAV	gb|MBN9467280.1|	1871050	100.000	9	9	1060	1	9	1047	1055	641	26.9	100
seq1	AAAKAAAAV	gb|KAF9935590.1|	64518	100.000	9	9	1027	1	9	157	165	641	26.9	100
seq1	AAAKAAAAV	gb|KAF9981764.1|	979670	100.000	9	9	1027	1	9	157	165	641	26.9	100
seq1	AAAKAAAAV	gb|KNE66641.1|	578462	100.000	9	9	1025	1	9	377	385	641	26.9	100
seq1	AAAKAAAAV	gb|KAJ7630309.1|	1738132	100.000	9	9	1012	1	9	645	653	641	26.9	100
seq1	AAAKAAAAV	gb|KAF9272987.1|	64518	100.000	9	9	1005	1	9	135	143	641	26.9	100
seq1	AAAKAAAAV	gb|MBT4868322.1|	2026779	100.000	9	9	920	1	9	878	886	641	26.9	100
seq1	AAAKAAAAV	gb|KKY32715.1|	1214573	100.000	9	9	897	1	9	14	22	642	26.9	100
seq1	AAAKAAAAV	ref|WP_212911127.1|	2733862	100.000	9	9	875	1	9	280	288	642	26.9	100
seq1	AAAKAAAAV	ref|WP_189930475.1|	68272	100.000	9	9	872	1	9	280	288	642	26.9	100
seq1	AAAKAAAAV	gb|KAJ3093296.1|	1352834	100.000	9	9	854	1	9	280	288	642	26.9	100
seq1	AAAKAAAAV	ref|WP_024019138.1|	1207055	100.000	9	9	847	1	9	820	828	642	26.9	100
seq1	AAAKAAAAV	gb|PHQ63351.1|	1912891	100.000	9	9	847	1	9	820	828	642	26.9	100
seq1	AAAKAAAAV	gb|MBQ9454227.1|	2691551	100.000	9	9	822	1	9	548	556	642	26.9	100
seq1	AAAKAAAAV	tpg|HAV1522162.1|	299766	100.000	9	9	820	1	9	88	96	642	26.9	100
seq1	AAAKAAAAV	ref|WP_202200457.1|	1883	100.000	9	9	813	1	9	563	571	642	26.9	100
seq1	AAAKAAAAV	gb|KAJ2493879.1|	2789361	100.000	9	9	809	1	9	184	192	642	26.9	100
seq1	AAAKAAAAV	gb|KAJ2737220.1|	2789224	100.000	9	9	809	1	9	184	192	642	26.9	100
seq1	AAAKAAAAV	gb|QDV06477.1|	2528018	100.000	9	9	805	1	9	731	739	642	26.9	100
seq1	AAAKAAAAV	gb|TGJ85605.1|	37992	100.000	9	9	730	1	9	242	250	642	26.9	100
seq1	AAAKAAAAV	ref|WP_017720335.1|	1173028	100.000	9	9	718	1	9	709	717	642	26.9	100
seq1	AAAKAAAAV	gb|MBW4492958.1|	2839661	100.000	9	9	718	1	9	709	717	642	26.9	100
seq1	AAAKAAAAV	ref|WP_070345721.1|	29581	100.000	9	9	710	1	9	124	132	642	26.9	100
seq1	AAAKAAAAV	ref|WP_280720706.1|	2760707	100.000	9	9	706	1	9	120	128	642	26.9	100
seq1	AAAKAAAAV	ref|WP_096234052.1|	368607	100.000	9	9	704	1	9	113	121	642	26.9	100
seq1	AAAKAAAAV	gb|KAJ7608821.1|	230801	100.000	9	9	703	1	9	625	633	643	26.9	100
seq1	AAAKAAAAV	gb|TDZ34822.1|	1347390	100.000	9	9	701	1	9	207	215	643	26.9	100
seq1	AAAKAAAAV	gb|TEA22308.1|	1347389	100.000	9	9	701	1	9	207	215	643	26.9	100
seq1	AAAKAAAAV	gb|TDZ37525.1|	5466	100.000	9	9	701	1	9	207	215	643	26.9	100
seq1	AAAKAAAAV	ref|WP_102121904.1|	2048670	100.000	9	9	701	1	9	115	123	643	26.9	100
seq1	AAAKAAAAV	ref|WP_219311040.1|	2842127	100.000	9	9	701	1	9	113	121	643	26.9	100
seq1	AAAKAAAAV	gb|TDZ23581.1|	1213857	100.000	9	9	701	1	9	207	215	643	26.9	100
seq1	AAAKAAAAV	gb|UQV45472.1|	29581	100.000	9	9	699	1	9	115	123	643	26.9	100
seq1	AAAKAAAAV	ref|WP_035825192.1|	1502762	100.000	9	9	699	1	9	108	116	643	26.9	100
seq1	AAAKAAAAV	ref|WP_176388868.1|	2745934	100.000	9	9	699	1	9	108	116	643	26.9	100
seq1	AAAKAAAAV	gb|PHV34536.1|	1560197	100.000	9	9	699	1	9	108	116	643	26.9	100
seq1	AAAKAAAAV	gb|THH33227.1|	2447956	100.000	9	9	698	1	9	629	637	643	26.9	100
seq1	AAAKAAAAV	ref|WP_099379402.1|	2048010	100.000	9	9	698	1	9	110	118	643	26.9	100
seq1	AAAKAAAAV	ref|WP_278317900.1|	2751478	100.000	9	9	698	1	9	107	115	643	26.9	100
seq1	AAAKAAAAV	ref|WP_034760151.1|	29581	100.000	9	9	697	1	9	112	120	643	26.9	100
seq1	AAAKAAAAV	ref|WP_071079177.1|	29581	100.000	9	9	697	1	9	111	119	643	26.9	100
seq1	AAAKAAAAV	ref|WP_251349818.1|	2950280	100.000	9	9	697	1	9	118	126	643	26.9	100
seq1	AAAKAAAAV	ref|WP_225243469.1|	29581	100.000	9	9	696	1	9	108	116	643	26.9	100
seq1	AAAKAAAAV	ref|WP_166449562.1|	29581	100.000	9	9	696	1	9	111	119	643	26.9	100
seq1	AAAKAAAAV	ref|WP_230515666.1|	2610881	100.000	9	9	695	1	9	113	121	643	26.9	100
seq1	AAAKAAAAV	ref|WP_046685398.1|	1649647	100.000	9	9	695	1	9	112	120	643	26.9	100
seq1	AAAKAAAAV	ref|WP_133994012.1|	2135628	100.000	9	9	694	1	9	110	118	643	26.9	100
seq1	AAAKAAAAV	ref|WP_101484078.1|	2035209	100.000	9	9	694	1	9	110	118	643	26.9	100
seq1	AAAKAAAAV	ref|WP_077400309.1|	1938606	100.000	9	9	694	1	9	112	120	643	26.9	100
seq1	AAAKAAAAV	ref|WP_219329500.1|	2842122	100.000	9	9	694	1	9	109	117	643	26.9	100
seq1	AAAKAAAAV	ref|WP_058051410.1|	1755239	100.000	9	9	694	1	9	111	119	643	26.9	100
seq1	AAAKAAAAV	ref|WP_072454301.1|	29581	100.000	9	9	694	1	9	109	117	643	26.9	100
seq1	AAAKAAAAV	ref|WP_219116965.1|	1365361	100.000	9	9	692	1	9	110	118	643	26.9	100
seq1	AAAKAAAAV	ref|WP_128140437.1|	29581	100.000	9	9	692	1	9	112	120	643	26.9	100
seq1	AAAKAAAAV	ref|WP_230538712.1|	2775054	100.000	9	9	691	1	9	108	116	643	26.9	100
seq1	AAAKAAAAV	ref|WP_176382006.1|	29581	100.000	9	9	691	1	9	108	116	643	26.9	100
seq1	AAAKAAAAV	ref|WP_070280991.1|	1766683	100.000	9	9	691	1	9	108	116	643	26.9	100
seq1	AAAKAAAAV	ref|WP_139090177.1|	29581	100.000	9	9	691	1	9	109	117	643	26.9	100
seq1	AAAKAAAAV	ref|WP_034782525.1|	29581	100.000	9	9	691	1	9	108	116	643	26.9	100
seq1	AAAKAAAAV	gb|RYP16023.1|	2211646	100.000	9	9	691	1	9	184	192	643	26.9	100
seq1	AAAKAAAAV	ref|WP_211551508.1|	29581	100.000	9	9	691	1	9	108	116	643	26.9	100
seq1	AAAKAAAAV	gb|RYP00563.1|	155416	100.000	9	9	691	1	9	184	192	643	26.9	100
seq1	AAAKAAAAV	gb|RYO88515.1|	155416	100.000	9	9	691	1	9	184	192	643	26.9	100
seq1	AAAKAAAAV	ref|WP_230522311.1|	2775056	100.000	9	9	691	1	9	108	116	643	26.9	100
seq1	AAAKAAAAV	ref|WP_151092930.1|	29580	100.000	9	9	691	1	9	108	116	643	26.9	100
seq1	AAAKAAAAV	gb|RYP21251.1|	2211647	100.000	9	9	691	1	9	184	192	643	26.9	100
seq1	AAAKAAAAV	ref|WP_121668586.1|	55508	100.000	9	9	690	1	9	108	116	643	26.9	100
seq1	AAAKAAAAV	ref|WP_070291156.1|	1537278	100.000	9	9	690	1	9	108	116	643	26.9	100
seq1	AAAKAAAAV	ref|WP_099410269.1|	1572871	100.000	9	9	690	1	9	108	116	643	26.9	100
seq1	AAAKAAAAV	ref|WP_076569129.1|	1907311	100.000	9	9	689	1	9	108	116	643	26.9	100
seq1	AAAKAAAAV	ref|WP_092716000.1|	2610881	100.000	9	9	689	1	9	111	119	643	26.9	100
seq1	AAAKAAAAV	ref|WP_070308468.1|	1537274	100.000	9	9	688	1	9	108	116	643	26.9	100
seq2	AAAKTPVIV	gb|MCS7059857.1|	2497639	100.000	9	9	618	1	9	460	468	79	29.5	100
seq2	AAAKTPVIV	ref|WP_277363971.1|	3028735	100.000	9	9	607	1	9	224	232	79	29.5	100
seq2	AAAKTPVIV	ref|WP_021201677.1|	300020	100.000	9	9	538	1	9	212	220	79	29.5	100
seq2	AAAKTPVIV	ref|WP_029261323.1|	2609290	100.000	9	9	538	1	9	212	220	79	29.5	100
seq2	AAAKTPVIV	gb|MCK6501561.1|	70125	100.000	9	9	509	1	9	450	458	79	29.5	100
seq2	AAAKTPVIV	gb|MCR5264139.1|	1898207	100.000	9	9	378	1	9	131	139	80	29.5	100
seq2	AAAKTPVIV	gb|UPV00351.1|	10243	100.000	9	9	325	1	9	2	10	80	29.5	100
seq2	AAAKTPVIV	gb|AGY99241.1|	10243	100.000	9	9	324	1	9	2	10	80	29.5	100
seq2	AAAKTPVIV	gb|AZY90106.1|	10243	100.000	9	9	324	1	9	2	10	80	29.5	100
seq2	AAAKTPVIV	gb|ADZ30294.1|	10243	100.000	9	9	324	1	9	2	10	80	29.5	100
seq2	AAAKTPVIV	gb|ADZ29223.1|	10243	100.000	9	9	324	1	9	2	10	80	29.5	100
seq2	AAAKTPVIV	emb|CRL86873.1|	10243	100.000	9	9	324	1	9	2	10	80	29.5	100
seq2	AAAKTPVIV	ref|NP_536520.1|	10244	100.000	9	9	324	1	9	2	10	80	29.5	100
seq2	AAAKTPVIV	gb|AHB35739.1|	10245	100.000	9	9	324	1	9	2	10	80	29.5	100
seq2	AAAKTPVIV	gb|AIE40884.1|	10244	100.000	9	9	324	1	9	2	10	80	29.5	100
seq2	AAAKTPVIV	gb|AGY97308.1|	10243	100.000	9	9	324	1	9	2	10	80	29.5	100
seq2	AAAKTPVIV	ref|YP_010509311.1|	397342	100.000	9	9	324	1	9	2	10	80	29.5	100
seq2	AAAKTPVIV	gb|ABD97452.1|	10243	100.000	9	9	324	1	9	2	10	80	29.5	100
seq2	AAAKTPVIV	emb|SNB48258.1|	10243	100.000	9	9	324	1	9	2	10	80	29.5	100
seq2	AAAKTPVIV	sp|P07240.1|	10254	100.000	9	9	324	1	9	2	10	80	29.5	100
seq2	AAAKTPVIV	gb|AUL80227.1|	10245	100.000	9	9	324	1	9	2	10	80	29.5	100
seq2	AAAKTPVIV	emb|SPN68206.1|	10243	100.000	9	9	324	1	9	2	10	80	29.5	100
seq2	AAAKTPVIV	gb|AQQ12969.1|	10243	100.000	9	9	324	1	9	2	10	80	29.5	100
seq2	AAAKTPVIV	gb|AGY98171.1|	10243	100.000	9	9	324	1	9	2	10	80	29.5	100
seq2	AAAKTPVIV	ref|YP_232983.1|	10245	100.000	9	9	324	1	9	2	10	80	29.5	100
seq1076	FLWGPRALA	gb|KAI0615849.1|	45151	100.000	9	9	140	1	9	119	127	5.1	32.9	100
seq1076	FLWGPRALA	ref|WP_147503218.1|	470	100.000	9	9	99	1	9	83	91	5.2	32.9	100
seq1174	FRYNGLIHR	gb|OCA61890.1|	600645	100.000	9	9	138	1	9	38	46	1.8	34.1	100
seq1174	FRYNGLIHR	gb|MBS2599661.1|	90371	100.000	9	9	137	1	9	38	46	1.8	34.1	100
seq1174	FRYNGLIHR	dbj|GLT13015.1|	1246864	100.000	9	9	137	1	9	38	46	1.8	34.1	100
seq1174	FRYNGLIHR	gb|NEU33189.1|	2681972	100.000	9	9	128	1	9	36	44	1.8	34.1	100
seq1174	FRYNGLIHR	dbj|BDA96969.1|	546	100.000	9	9	105	1	9	38	46	1.8	34.1	100
seq1174	FRYNGLIHR	gb|NRJ27993.1|	90370	100.000	9	9	71	1	9	41	49	1.9	34.1	100
seq1168	FRAPNTREL	gb|TGY90346.1|	2029849	100.000	9	9	1133	1	9	759	767	6.9	32.5	100
seq1168	FRAPNTREL	ref|WP_158291539.1|	2029849	100.000	9	9	1046	1	9	672	680	6.9	32.5	100
seq1168	FRAPNTREL	ref|WP_135994843.1|	2029849	100.000	9	9	1040	1	9	672	680	6.9	32.5	100
seq1168	FRAPNTREL	emb|STF82067.1|	562	100.000	9	9	410	1	9	239	247	6.9	32.5	100
seq1168	FRAPNTREL	pdb|4LIU|A	83333	100.000	9	9	407	1	9	236	244	6.9	32.5	100
seq1168	FRAPNTREL	pdb|4LIT|A	83333	100.000	9	9	407	1	9	236	244	6.9	32.5	100
seq1168	FRAPNTREL	tpg|HAH7030798.1|	562	100.000	9	9	401	1	9	202	210	6.9	32.5	100
seq1168	FRAPNTREL	tpg|HAH7030798.1|	562	100.000	9	9	401	1	9	230	238	6.9	32.5	100
seq1168	FRAPNTREL	gb|AFJ47465.1|	630626	100.000	9	9	392	1	9	221	229	7.0	32.5	100
seq1168	FRAPNTREL	gb|EDU59742.1|	471874	100.000	9	9	392	1	9	220	228	7.0	32.5	100
seq1168	FRAPNTREL	pdb|4NUB|A	83333	100.000	9	9	384	1	9	202	210	7.0	32.5	100
seq1168	FRAPNTREL	gb|EFL1516263.1|	562	100.000	9	9	383	1	9	202	210	7.0	32.5	100
seq1168	FRAPNTREL	ref|WP_089518571.1|	562	100.000	9	9	383	1	9	202	210	7.0	32.5	100
seq1168	FRAPNTREL	gb|EGE5816512.1|	562	100.000	9	9	382	1	9	211	219	7.0	32.5	100
seq1168	FRAPNTREL	gb|EJJ9789722.1|	562	100.000	9	9	377	1	9	202	210	7.0	32.5	100
seq1168	FRAPNTREL	ref|WP_053007912.1|	624	100.000	9	9	377	1	9	206	214	7.0	32.5	100
seq1168	FRAPNTREL	gb|EFZ6529264.1|	624	100.000	9	9	377	1	9	202	210	7.0	32.5	100
seq1168	FRAPNTREL	gb|ESD74393.1|	1268996	100.000	9	9	376	1	9	205	213	7.0	32.5	100
seq1168	FRAPNTREL	gb|OSK94260.1|	656447	100.000	9	9	376	1	9	205	213	7.0	32.5	100
seq1168	FRAPNTREL	ref|WP_000933638.1|	623	100.000	9	9	376	1	9	205	213	7.0	32.5	100
seq1168	FRAPNTREL	gb|ABF03355.1|	373384	100.000	9	9	376	1	9	205	213	7.0	32.5	100
seq1168	FRAPNTREL	gb|AAG55932.1|	155864	100.000	9	9	376	1	9	205	213	7.0	32.5	100
seq1168	FRAPNTREL	gb|ABB62119.1|	300267	100.000	9	9	376	1	9	205	213	7.0	32.5	100
seq1168	FRAPNTREL	gb|EFJ75195.1|	749549	100.000	9	9	376	1	9	205	213	7.0	32.5	100
seq1168	FRAPNTREL	gb|EGY1151361.1|	59201	100.000	9	9	376	1	9	205	213	7.0	32.5	100
seq1168	FRAPNTREL	gb|ABJ00512.1|	405955	100.000	9	9	376	1	9	205	213	7.0	32.5	100
seq1168	FRAPNTREL	gb|ESD71212.1|	1268997	100.000	9	9	376	1	9	205	213	7.0	32.5	100
seq1168	FRAPNTREL	gb|EFJ67357.1|	749544	100.000	9	9	376	1	9	205	213	7.0	32.5	100
seq1168	FRAPNTREL	gb|KWZ89516.1|	546	100.000	9	9	376	1	9	205	213	7.0	32.5	100
seq1168	FRAPNTREL	gb|EGC95429.1|	981367	100.000	9	9	376	1	9	205	213	7.0	32.5	100
seq1168	FRAPNTREL	gb|EFE09269.1|	500640	100.000	9	9	376	1	9	205	213	7.0	32.5	100
seq1168	FRAPNTREL	gb|ABG69134.1|	362663	100.000	9	9	376	1	9	205	213	7.0	32.5	100
seq1168	FRAPNTREL	gb|OSL50029.1|	656410	100.000	9	9	376	1	9	205	213	7.0	32.5	100
seq1168	FRAPNTREL	tpg|HBC1019653.1|	562	100.000	9	9	375	1	9	202	210	7.0	32.5	100
seq1168	FRAPNTREL	gb|EJH7319727.1|	621	100.000	9	9	375	1	9	202	210	7.0	32.5	100
seq1168	FRAPNTREL	ref|WP_225818821.1|	333965	100.000	9	9	374	1	9	202	210	7.0	32.5	100
seq1168	FRAPNTREL	ref|WP_061063935.1|	586	100.000	9	9	374	1	9	202	210	7.0	32.5	100
seq1168	FRAPNTREL	ref|WP_222960622.1|	587	100.000	9	9	374	1	9	202	210	7.0	32.5	100
seq1168	FRAPNTREL	ref|WP_267721764.1|	587	100.000	9	9	374	1	9	202	210	7.0	32.5	100
seq1168	FRAPNTREL	ref|WP_249890831.1|	588	100.000	9	9	374	1	9	202	210	7.0	32.5	100
seq1168	FRAPNTREL	ref|WP_198633335.1|	587	100.000	9	9	374	1	9	202	210	7.0	32.5	100
seq1168	FRAPNTREL	ref|WP_004253337.1|	586	100.000	9	9	374	1	9	202	210	7.0	32.5	100
seq1168	FRAPNTREL	ref|WP_206086401.1|	586	100.000	9	9	374	1	9	202	210	7.0	32.5	100
seq1168	FRAPNTREL	ref|WP_150375608.1|	588	100.000	9	9	374	1	9	202	210	7.0	32.5	100
seq1168	FRAPNTREL	ref|WP_210782748.1|	587	100.000	9	9	374	1	9	202	210	7.0	32.5	100
seq1168	FRAPNTREL	gb|EIY2635120.1|	587	100.000	9	9	374	1	9	202	210	7.0	32.5	100
seq1168	FRAPNTREL	ref|WP_105874245.1|	588	100.000	9	9	374	1	9	202	210	7.0	32.5	100
seq1168	FRAPNTREL	ref|WP_014656150.1|	586	100.000	9	9	374	1	9	202	210	7.0	32.5	100
seq1168	FRAPNTREL	ref|WP_210837762.1|	586	100.000	9	9	374	1	9	202	210	7.0	32.5	100
seq1168	FRAPNTREL	ref|WP_272518429.1|	2633465	100.000	9	9	374	1	9	202	210	7.0	32.5	100
seq1168	FRAPNTREL	ref|WP_273764697.1|	208962	100.000	9	9	374	1	9	203	211	7.0	32.5	100
seq1168	FRAPNTREL	ref|WP_196713178.1|	588	100.000	9	9	374	1	9	202	210	7.0	32.5	100
seq1168	FRAPNTREL	ref|WP_008910851.1|	516074	100.000	9	9	374	1	9	202	210	7.0	32.5	100
seq1168	FRAPNTREL	ref|WP_042843468.1|	586	100.000	9	9	374	1	9	202	210	7.0	32.5	100
seq1168	FRAPNTREL	gb|USR63317.1|	588	100.000	9	9	374	1	9	202	210	7.0	32.5	100
seq1168	FRAPNTREL	ref|WP_070927093.1|	588	100.000	9	9	374	1	9	202	210	7.0	32.5	100
seq1168	FRAPNTREL	ref|WP_103053480.1|	208962	100.000	9	9	374	1	9	203	211	7.0	32.5	100
seq1168	FRAPNTREL	ref|WP_164455547.1|	586	100.000	9	9	374	1	9	202	210	7.0	32.5	100
seq1168	FRAPNTREL	ref|WP_272674200.1|	2949863	100.000	9	9	374	1	9	202	210	7.0	32.5	100
seq1168	FRAPNTREL	ref|WP_126436928.1|	158850	100.000	9	9	374	1	9	202	210	7.0	32.5	100
seq1168	FRAPNTREL	ref|WP_004911758.1|	586	100.000	9	9	374	1	9	202	210	7.0	32.5	100
seq1168	FRAPNTREL	ref|WP_166685748.1|	586	100.000	9	9	374	1	9	202	210	7.0	32.5	100
seq1168	FRAPNTREL	ref|WP_219247410.1|	586	100.000	9	9	374	1	9	202	210	7.0	32.5	100
seq1168	FRAPNTREL	ref|WP_144141506.1|	587	100.000	9	9	374	1	9	202	210	7.0	32.5	100
seq1168	FRAPNTREL	ref|WP_126460730.1|	158850	100.000	9	9	374	1	9	202	210	7.0	32.5	100
seq1168	FRAPNTREL	gb|MRF65769.1|	562	100.000	9	9	374	1	9	202	210	7.0	32.5	100
seq1168	FRAPNTREL	ref|WP_154610208.1|	588	100.000	9	9	374	1	9	202	210	7.0	32.5	100
seq1168	FRAPNTREL	ref|WP_206093331.1|	588	100.000	9	9	374	1	9	202	210	7.0	32.5	100
seq1168	FRAPNTREL	gb|EFK8693858.1|	562	100.000	9	9	374	1	9	202	210	7.0	32.5	100
seq1168	FRAPNTREL	ref|WP_279169147.1|	2027290	100.000	9	9	374	1	9	202	210	7.0	32.5	100
seq1168	FRAPNTREL	ref|WP_072502357.1|	586	100.000	9	9	374	1	9	202	210	7.0	32.5	100
seq1168	FRAPNTREL	ref|WP_154624140.1|	2633465	100.000	9	9	374	1	9	202	210	7.0	32.5	100
seq1168	FRAPNTREL	gb|EEX6050690.1|	562	100.000	9	9	374	1	9	202	210	7.0	32.5	100
seq1168	FRAPNTREL	ref|WP_166686903.1|	586	100.000	9	9	374	1	9	202	210	7.0	32.5	100
seq1168	FRAPNTREL	ref|WP_140172514.1|	586	100.000	9	9	374	1	9	202	210	7.0	32.5	100
seq1168	FRAPNTREL	ref|WP_240105062.1|	587	100.000	9	9	374	1	9	202	210	7.0	32.5	100
seq1168	FRAPNTREL	ref|WP_272664699.1|	2949877	100.000	9	9	374	1	9	202	210	7.0	32.5	100
seq1168	FRAPNTREL	ref|WP_140178383.1|	588	100.000	9	9	374	1	9	202	210	7.0	32.5	100
seq1168	FRAPNTREL	ref|WP_115167076.1|	586	100.000	9	9	374	1	9	202	210	7.0	32.5	100
seq1168	FRAPNTREL	ref|WP_102137746.1|	586	100.000	9	9	374	1	9	202	210	7.0	32.5	100
seq1168	FRAPNTREL	gb|MBP6083291.1|	589	100.000	9	9	374	1	9	202	210	7.0	32.5	100
seq1168	FRAPNTREL	ref|WP_163861383.1|	586	100.000	9	9	374	1	9	202	210	7.0	32.5	100
seq1168	FRAPNTREL	ref|WP_102780494.1|	588	100.000	9	9	374	1	9	202	210	7.0	32.5	100
seq1168	FRAPNTREL	gb|QKJ51581.1|	587	100.000	9	9	374	1	9	202	210	7.0	32.5	100
seq1168	FRAPNTREL	ref|WP_006815395.1|	586	100.000	9	9	374	1	9	202	210	7.0	32.5	100
seq1168	FRAPNTREL	ref|WP_036940747.1|	586	100.000	9	9	374	1	9	202	210	7.0	32.5	100
seq1168	FRAPNTREL	ref|WP_106907355.1|	562	100.000	9	9	374	1	9	203	211	7.0	32.5	100
seq1168	FRAPNTREL	ref|WP_008915922.1|	516075	100.000	9	9	374	1	9	202	210	7.0	32.5	100
seq1168	FRAPNTREL	gb|EJN7232721.1|	587	100.000	9	9	374	1	9	202	210	7.0	32.5	100
seq1168	FRAPNTREL	ref|WP_125891181.1|	586	100.000	9	9	374	1	9	202	210	7.0	32.5	100
seq1168	FRAPNTREL	ref|WP_272687637.1|	2949800	100.000	9	9	374	1	9	202	210	7.0	32.5	100
seq1168	FRAPNTREL	ref|WP_272676850.1|	2949798	100.000	9	9	374	1	9	202	210	7.0	32.5	100
seq1168	FRAPNTREL	ref|WP_002462004.1|	208962	100.000	9	9	373	1	9	202	210	7.0	32.5	100
seq1168	FRAPNTREL	gb|EFK2946479.1|	562	100.000	9	9	373	1	9	202	210	7.0	32.5	100
seq1168	FRAPNTREL	ref|WP_262939454.1|	208962	100.000	9	9	373	1	9	202	210	7.0	32.5	100
seq1168	FRAPNTREL	pdb|4CCL|A	562	100.000	9	9	373	1	9	202	210	7.0	32.5	100
seq1168	FRAPNTREL	tpg|HAV9153686.1|	562	100.000	9	9	373	1	9	202	210	7.0	32.5	100
seq1168	FRAPNTREL	gb|EGZ2422304.1|	562	100.000	9	9	373	1	9	202	210	7.0	32.5	100
seq1168	FRAPNTREL	gb|EFH6300391.1|	562	100.000	9	9	373	1	9	202	210	7.0	32.5	100
seq1168	FRAPNTREL	gb|EET4490964.1|	562	100.000	9	9	373	1	9	202	210	7.0	32.5	100
seq1168	FRAPNTREL	ref|WP_125059622.1|	208962	100.000	9	9	373	1	9	202	210	7.0	32.5	100
seq1169	FRDYVDRFY	pdb|6CPL|C	11706	100.000	9	9	20	1	9	1	9	0.17	35.8	100
seq1169	FRDYVDRFY	pdb|1BMX|A	11676	100.000	9	9	31	1	9	14	22	0.33	35.8	100
seq1169	FRDYVDRFY	gb|UED13366.1|	11676	100.000	9	9	1577	1	9	293	301	0.43	35.8	100
seq1169	FRDYVDRFY	gb|UED13367.1|	11676	100.000	9	9	1505	1	9	293	301	0.43	35.8	100
seq1169	FRDYVDRFY	gb|UED13370.1|	11676	100.000	9	9	1467	1	9	293	301	0.43	35.8	100
seq1169	FRDYVDRFY	sp|Q8AII1.4|	388910	100.000	9	9	1462	1	9	319	327	0.43	35.8	100
seq1169	FRDYVDRFY	gb|AAD03209.1|	11676	100.000	9	9	1452	1	9	298	306	0.43	35.8	100
seq1169	FRDYVDRFY	gb|AAD03241.1|	11676	100.000	9	9	1450	1	9	298	306	0.43	35.8	100
seq1169	FRDYVDRFY	gb|AUO72845.1|	11676	100.000	9	9	1450	1	9	301	309	0.43	35.8	100
seq1169	FRDYVDRFY	sp|O91080.3|	388818	100.000	9	9	1449	1	9	295	303	0.43	35.8	100
seq1169	FRDYVDRFY	sp|Q9IDV9.3|	388819	100.000	9	9	1449	1	9	295	303	0.43	35.8	100
seq1169	FRDYVDRFY	sp|Q1A249.3|	388912	100.000	9	9	1448	1	9	296	304	0.43	35.8	100
seq1169	FRDYVDRFY	sp|P03366.3|	11678	100.000	9	9	1447	1	9	293	301	0.43	35.8	100
seq1169	FRDYVDRFY	sp|P04587.3|	11682	100.000	9	9	1447	1	9	293	301	0.43	35.8	100
seq1169	FRDYVDRFY	sp|P03367.3|	11686	100.000	9	9	1447	1	9	293	301	0.43	35.8	100
seq1169	FRDYVDRFY	sp|Q79666.3|	388816	100.000	9	9	1446	1	9	292	300	0.43	35.8	100
seq1169	FRDYVDRFY	emb|CAC38430.2|	11676	100.000	9	9	1445	1	9	292	300	0.43	35.8	100
seq1169	FRDYVDRFY	emb|CAC38421.2|	11676	100.000	9	9	1445	1	9	292	300	0.43	35.8	100
seq1169	FRDYVDRFY	sp|P05961.3|	11696	100.000	9	9	1441	1	9	296	304	0.43	35.8	100
seq1169	FRDYVDRFY	gb|AZI72417.1|	11676	100.000	9	9	1441	1	9	299	307	0.43	35.8	100
seq1169	FRDYVDRFY	gb|ABV00730.1|	11676	100.000	9	9	1441	1	9	295	303	0.43	35.8	100
seq1169	FRDYVDRFY	gb|AFB39387.1|	11676	100.000	9	9	1441	1	9	293	301	0.43	35.8	100
seq1169	FRDYVDRFY	emb|CAB96407.1|	11723	100.000	9	9	1440	1	9	292	300	0.43	35.8	100
seq1169	FRDYVDRFY	sp|P20875.3|	11688	100.000	9	9	1439	1	9	293	301	0.43	35.8	100
seq1169	FRDYVDRFY	dbj|BAC77486.1|	11676	100.000	9	9	1439	1	9	296	304	0.43	35.8	100
seq1169	FRDYVDRFY	gb|AZI72491.1|	11676	100.000	9	9	1439	1	9	293	301	0.43	35.8	100
seq1169	FRDYVDRFY	dbj|BAC77511.1|	11676	100.000	9	9	1438	1	9	296	304	0.43	35.8	100
seq1169	FRDYVDRFY	gb|AUO72785.1|	11676	100.000	9	9	1438	1	9	290	298	0.43	35.8	100
seq1169	FRDYVDRFY	gb|AAN73511.1|	11676	100.000	9	9	1438	1	9	291	299	0.43	35.8	100
seq1169	FRDYVDRFY	gb|AUO72827.1|	11676	100.000	9	9	1438	1	9	296	304	0.43	35.8	100
seq1169	FRDYVDRFY	gb|AZI72473.1|	11676	100.000	9	9	1438	1	9	296	304	0.43	35.8	100
seq1169	FRDYVDRFY	sp|Q1A267.4|	388911	100.000	9	9	1438	1	9	291	299	0.43	35.8	100
seq1169	FRDYVDRFY	gb|AUO72836.1|	11676	100.000	9	9	1438	1	9	296	304	0.43	35.8	100
seq1169	FRDYVDRFY	gb|AAD03200.1|	11676	100.000	9	9	1438	1	9	294	302	0.43	35.8	100
seq1169	FRDYVDRFY	gb|AZI72386.1|	11676	100.000	9	9	1437	1	9	295	303	0.43	35.8	100
seq1169	FRDYVDRFY	emb|CAD59561.1|	11676	100.000	9	9	1437	1	9	293	301	0.43	35.8	100
seq1169	FRDYVDRFY	emb|CAD59562.1|	11676	100.000	9	9	1437	1	9	293	301	0.43	35.8	100
seq1169	FRDYVDRFY	gb|AAC97575.1|	11676	100.000	9	9	1437	1	9	293	301	0.43	35.8	100
seq1169	FRDYVDRFY	sp|P03369.3|	11685	100.000	9	9	1437	1	9	295	303	0.43	35.8	100
seq1169	FRDYVDRFY	dbj|BAU58997.1|	11676	100.000	9	9	1437	1	9	294	302	0.43	35.8	100
seq1169	FRDYVDRFY	dbj|BBC08796.1|	11676	100.000	9	9	1436	1	9	293	301	0.43	35.8	100
seq1169	FRDYVDRFY	dbj|BBC08805.1|	11676	100.000	9	9	1436	1	9	293	301	0.43	35.8	100
seq1169	FRDYVDRFY	gb|AUO72863.1|	11676	100.000	9	9	1436	1	9	293	301	0.43	35.8	100
seq1169	FRDYVDRFY	gb|AAD03225.1|	11676	100.000	9	9	1436	1	9	293	301	0.43	35.8	100
seq1169	FRDYVDRFY	sp|P05959.3|	11701	100.000	9	9	1436	1	9	293	301	0.43	35.8	100
seq1169	FRDYVDRFY	gb|AZI72408.1|	11676	100.000	9	9	1436	1	9	294	302	0.43	35.8	100
seq1169	FRDYVDRFY	sp|P12499.3|	11683	100.000	9	9	1436	1	9	294	302	0.43	35.8	100
seq1169	FRDYVDRFY	gb|AUO72688.1|	11676	100.000	9	9	1435	1	9	293	301	0.43	35.8	100
seq1169	FRDYVDRFY	gb|AAD03217.1|	11676	100.000	9	9	1435	1	9	293	301	0.43	35.8	100
seq1169	FRDYVDRFY	gb|AZI72558.1|	11676	100.000	9	9	1435	1	9	293	301	0.43	35.8	100
seq1169	FRDYVDRFY	gb|AUO72854.1|	11676	100.000	9	9	1435	1	9	294	302	0.43	35.8	100
seq1169	FRDYVDRFY	gb|UED13371.1|	11676	100.000	9	9	1435	1	9	293	301	0.43	35.8	100
seq1169	FRDYVDRFY	gb|AUO72809.1|	11676	100.000	9	9	1435	1	9	293	301	0.43	35.8	100
seq1169	FRDYVDRFY	gb|AAD03191.1|	11676	100.000	9	9	1435	1	9	293	301	0.43	35.8	100
seq1169	FRDYVDRFY	gb|AAD03233.1|	11676	100.000	9	9	1435	1	9	293	301	0.43	35.8	100
seq1169	FRDYVDRFY	gb|AUO72800.1|	11676	100.000	9	9	1435	1	9	293	301	0.43	35.8	100
seq1169	FRDYVDRFY	sp|Q77373.3|	327105	100.000	9	9	1435	1	9	292	300	0.43	35.8	100
seq1169	FRDYVDRFY	emb|CAC86564.1|	11676	100.000	9	9	1435	1	9	293	301	0.43	35.8	100
seq1169	FRDYVDRFY	sp|P35963.3|	362651	100.000	9	9	1435	1	9	293	301	0.43	35.8	100
seq1169	FRDYVDRFY	sp|P0C6F2.1|	82834	100.000	9	9	1435	1	9	293	301	0.43	35.8	100
seq1169	FRDYVDRFY	gb|AAG30116.1|	11676	100.000	9	9	1435	1	9	293	301	0.43	35.8	100
seq1169	FRDYVDRFY	sp|Q73368.3|	401671	100.000	9	9	1435	1	9	293	301	0.43	35.8	100
seq1169	FRDYVDRFY	sp|P12497.4|	11698	100.000	9	9	1435	1	9	293	301	0.43	35.8	100
seq1169	FRDYVDRFY	dbj|BBC08787.1|	11676	100.000	9	9	1435	1	9	293	301	0.43	35.8	100
seq1169	FRDYVDRFY	ref|NP_057849.4|	11676	100.000	9	9	1435	1	9	293	301	0.43	35.8	100
seq1169	FRDYVDRFY	gb|AUO72729.1|	11676	100.000	9	9	1435	1	9	293	301	0.43	35.8	100
seq1169	FRDYVDRFY	sp|P04589.3|	11689	100.000	9	9	1435	1	9	293	301	0.43	35.8	100
seq1169	FRDYVDRFY	gb|ARN17750.1|	11676	100.000	9	9	1434	1	9	289	297	0.43	35.8	100
seq1169	FRDYVDRFY	dbj|BAB85751.1|	11676	100.000	9	9	1434	1	9	293	301	0.43	35.8	100
seq1169	FRDYVDRFY	dbj|BAC77477.1|	11676	100.000	9	9	1434	1	9	292	300	0.43	35.8	100
seq1169	FRDYVDRFY	sp|P20892.3|	11699	100.000	9	9	1434	1	9	293	301	0.43	35.8	100
seq1169	FRDYVDRFY	gb|AAN73808.1|	11676	100.000	9	9	1434	1	9	291	299	0.43	35.8	100
seq1169	FRDYVDRFY	gb|AZI72482.1|	11676	100.000	9	9	1434	1	9	293	301	0.43	35.8	100
seq1169	FRDYVDRFY	gb|ARN17759.1|	11676	100.000	9	9	1434	1	9	293	301	0.43	35.8	100
seq1169	FRDYVDRFY	gb|AAN73583.1|	11676	100.000	9	9	1434	1	9	291	299	0.43	35.8	100
seq1169	FRDYVDRFY	dbj|BAC77459.1|	11676	100.000	9	9	1434	1	9	293	301	0.43	35.8	100
seq1169	FRDYVDRFY	gb|AZI72442.1|	11676	100.000	9	9	1434	1	9	293	301	0.43	35.8	100
seq1169	FRDYVDRFY	gb|AAN73790.1|	11676	100.000	9	9	1434	1	9	291	299	0.43	35.8	100
seq1169	FRDYVDRFY	gb|AUO72872.1|	11676	100.000	9	9	1434	1	9	293	301	0.43	35.8	100
seq1169	FRDYVDRFY	gb|AFB40343.1|	11676	100.000	9	9	1434	1	9	293	301	0.43	35.8	100
seq1169	FRDYVDRFY	gb|AAN73655.1|	11676	100.000	9	9	1433	1	9	291	299	0.43	35.8	100
seq1169	FRDYVDRFY	gb|AAN73492.1|	11676	100.000	9	9	1433	1	9	291	299	0.43	35.8	100
seq1169	FRDYVDRFY	gb|AAN73691.1|	11676	100.000	9	9	1433	1	9	291	299	0.43	35.8	100
seq1169	FRDYVDRFY	gb|AUO72818.1|	11676	100.000	9	9	1433	1	9	293	301	0.43	35.8	100
seq1169	FRDYVDRFY	dbj|BAA84669.1|	11676	100.000	9	9	1433	1	9	293	301	0.43	35.8	100
seq1169	FRDYVDRFY	dbj|BAA84661.1|	11676	100.000	9	9	1433	1	9	293	301	0.43	35.8	100
seq1169	FRDYVDRFY	gb|AAN73610.1|	11676	100.000	9	9	1433	1	9	291	299	0.43	35.8	100
seq1169	FRDYVDRFY	gb|AAN73474.1|	11676	100.000	9	9	1433	1	9	291	299	0.43	35.8	100
seq1169	FRDYVDRFY	gb|AAN73520.1|	11676	100.000	9	9	1433	1	9	291	299	0.43	35.8	100
seq1169	FRDYVDRFY	gb|AAP76511.1|	11676	100.000	9	9	1433	1	9	291	299	0.43	35.8	100
seq1169	FRDYVDRFY	gb|AAN73763.1|	11676	100.000	9	9	1433	1	9	291	299	0.43	35.8	100
seq1169	FRDYVDRFY	gb|AAD03326.1|	11676	100.000	9	9	1433	1	9	293	301	0.43	35.8	100
seq1169	FRDYVDRFY	gb|AAN73483.1|	11676	100.000	9	9	1433	1	9	291	299	0.43	35.8	100
seq1169	FRDYVDRFY	gb|AAG28605.1|	11676	100.000	9	9	1433	1	9	293	301	0.43	35.8	100
seq1169	FRDYVDRFY	gb|AAN73673.1|	11676	100.000	9	9	1433	1	9	291	299	0.43	35.8	100
seq1169	FRDYVDRFY	dbj|BAB85450.1|	11676	100.000	9	9	1433	1	9	293	301	0.43	35.8	100
seq1169	FRDYVDRFY	gb|AAN73619.1|	11676	100.000	9	9	1433	1	9	291	299	0.43	35.8	100
seq1169	FRDYVDRFY	gb|AAN73727.1|	11676	100.000	9	9	1433	1	9	291	299	0.43	35.8	100
seq1169	FRDYVDRFY	gb|AFU29171.1|	11676	100.000	9	9	1433	1	9	293	301	0.43	35.8	100
seq1169	FRDYVDRFY	gb|AAN73736.1|	11676	100.000	9	9	1433	1	9	291	299	0.43	35.8	100
